app/build/intermediates/manifest_merge_blame_file/release/manifest-merger-blame-release-report.txt
1<?xml version="1.0" encoding="utf-8"?>
2<manifest xmlns:android="http://schemas.android.com/apk/res/android"
3    package="net.tiago.otrsc"
4    android:versionCode="1"
5    android:versionName="1.1" >
6
7    <uses-sdk
8        android:minSdkVersion="22"
8-->src\main\AndroidManifest.xml
9        android:targetSdkVersion="32" />
9-->src\main\AndroidManifest.xml
10
11    <application
11-->src\main\AndroidManifest.xml:4:2-36:16
12        android:allowBackup="true"
12-->src\main\AndroidManifest.xml:5:3-29
13        android:appComponentFactory="androidx.core.app.CoreComponentFactory"
13-->[androidx.core:core:1.8.0] AndroidManifest.xml:24:18-86
14        android:icon="@mipmap/ic_launcher"
14-->src\main\AndroidManifest.xml:6:3-37
15        android:label="@string/app_name"
15-->src\main\AndroidManifest.xml:7:3-35
16        android:theme="@style/Theme.MaterialComponents.Light" >
16-->src\main\AndroidManifest.xml:8:3-56
17        <activity
17-->src\main\AndroidManifest.xml:9:3-20:14
18            android:name="net.tiago.otrsc.MainActivity"
18-->src\main\AndroidManifest.xml:10:4-32
19            android:configChanges="orientation|screenSize|keyboardHidden|smallestScreenSize|screenLayout"
19-->src\main\AndroidManifest.xml:12:4-97
20            android:exported="true"
20-->src\main\AndroidManifest.xml:15:4-27
21            android:hardwareAccelerated="true"
21-->src\main\AndroidManifest.xml:13:4-38
22            android:screenOrientation="fullSensor"
22-->src\main\AndroidManifest.xml:14:4-42
23            android:windowSoftInputMode="adjustResize" >
23-->src\main\AndroidManifest.xml:11:13-55
24            <intent-filter>
24-->src\main\AndroidManifest.xml:16:4-19:20
25                <action android:name="android.intent.action.MAIN" />
25-->src\main\AndroidManifest.xml:17:5-57
25-->src\main\AndroidManifest.xml:17:13-54
26
27                <category android:name="android.intent.category.LAUNCHER" />
27-->src\main\AndroidManifest.xml:18:5-65
27-->src\main\AndroidManifest.xml:18:15-62
28            </intent-filter>
29        </activity>
30        <activity
30-->src\main\AndroidManifest.xml:21:3-26:48
31            android:name="net.tiago.otrsc.SettingsActivity"
31-->src\main\AndroidManifest.xml:22:4-36
32            android:configChanges="orientation|screenSize|keyboardHidden|smallestScreenSize|screenLayout"
32-->src\main\AndroidManifest.xml:23:4-97
33            android:hardwareAccelerated="true"
33-->src\main\AndroidManifest.xml:24:4-38
34            android:screenOrientation="fullSensor"
34-->src\main\AndroidManifest.xml:25:4-42
35            android:windowSoftInputMode="stateHidden" />
35-->src\main\AndroidManifest.xml:26:4-45
36        <activity
36-->src\main\AndroidManifest.xml:27:3-32:48
37            android:name="net.tiago.otrsc.AboutActivity"
37-->src\main\AndroidManifest.xml:28:4-33
38            android:configChanges="orientation|screenSize|keyboardHidden|smallestScreenSize|screenLayout"
38-->src\main\AndroidManifest.xml:29:4-97
39            android:hardwareAccelerated="true"
39-->src\main\AndroidManifest.xml:30:4-38
40            android:screenOrientation="fullSensor"
40-->src\main\AndroidManifest.xml:31:4-42
41            android:windowSoftInputMode="stateHidden" />
41-->src\main\AndroidManifest.xml:32:4-45
42
43        <uses-library
43-->src\main\AndroidManifest.xml:33:3-35:31
44            android:name="org.apache.http.legacy"
44-->src\main\AndroidManifest.xml:34:4-41
45            android:required="false" />
45-->src\main\AndroidManifest.xml:35:4-28
46
47        <provider
47-->[androidx.emoji2:emoji2:1.2.0] AndroidManifest.xml:24:9-32:20
48            android:name="androidx.startup.InitializationProvider"
48-->[androidx.emoji2:emoji2:1.2.0] AndroidManifest.xml:25:13-67
49            android:authorities="net.tiago.otrsc.androidx-startup"
49-->[androidx.emoji2:emoji2:1.2.0] AndroidManifest.xml:26:13-68
50            android:exported="false" >
50-->[androidx.emoji2:emoji2:1.2.0] AndroidManifest.xml:27:13-37
51            <meta-data
51-->[androidx.emoji2:emoji2:1.2.0] AndroidManifest.xml:29:13-31:52
52                android:name="androidx.emoji2.text.EmojiCompatInitializer"
52-->[androidx.emoji2:emoji2:1.2.0] AndroidManifest.xml:30:17-75
53                android:value="androidx.startup" />
53-->[androidx.emoji2:emoji2:1.2.0] AndroidManifest.xml:31:17-49
54            <meta-data
54-->[androidx.lifecycle:lifecycle-process:2.4.1] AndroidManifest.xml:31:13-33:52
55                android:name="androidx.lifecycle.ProcessLifecycleInitializer"
55-->[androidx.lifecycle:lifecycle-process:2.4.1] AndroidManifest.xml:32:17-78
56                android:value="androidx.startup" />
56-->[androidx.lifecycle:lifecycle-process:2.4.1] AndroidManifest.xml:33:17-49
57        </provider>
58    </application>
59
60</manifest>